

Started GET "/" for 127.0.0.1 at 2014-10-22 08:49:56 -0400
  [1m[36mActiveRecord::SchemaMigration Load (0.4ms)[0m  [1mSELECT "schema_migrations".* FROM "schema_migrations"[0m
Processing by VisitorsController#index as HTML
  Rendered application/_login.html.erb (83.1ms)
  Rendered visitors/index.html.erb within layouts/application (157.0ms)
  Rendered layouts/_navigation_links.html.erb (2.5ms)
  Rendered layouts/_navigation.html.erb (6.1ms)
  Rendered layouts/_messages.html.erb (1.4ms)
Completed 200 OK in 8122ms (Views: 8079.2ms | ActiveRecord: 0.0ms)


Started POST "/users/sign_in" for 127.0.0.1 at 2014-10-22 08:50:25 -0400
Processing by Devise::SessionsController#create as HTML
  Parameters: {"utf8"=>"✓", "authenticity_token"=>"uyR8yA1GxeDVXqFhIJD2qCZF8yXpBFkenBUOSCEtQbA=", "user"=>{"email"=>"m.sunitha0202@gmail.com", "password"=>"[FILTERED]"}, "commit"=>"Sign in"}
  [1m[35mUser Load (0.6ms)[0m  SELECT  "users".* FROM "users"  WHERE "users"."email" = 'm.sunitha0202@gmail.com'  ORDER BY "users"."id" ASC LIMIT 1
  [1m[36m (0.2ms)[0m  [1mbegin transaction[0m
  [1m[35mSQL (0.8ms)[0m  UPDATE "users" SET "current_sign_in_at" = ?, "last_sign_in_at" = ?, "sign_in_count" = ?, "updated_at" = ? WHERE "users"."id" = 2  [["current_sign_in_at", "2014-10-22 12:50:25.481279"], ["last_sign_in_at", "2014-10-22 05:05:30.295167"], ["sign_in_count", 9], ["updated_at", "2014-10-22 12:50:25.484687"]]
  [1m[36m (9.1ms)[0m  [1mcommit transaction[0m
Redirected to http://0.0.0.0:3000/
Completed 302 Found in 3046ms (ActiveRecord: 12.1ms)


Started GET "/" for 127.0.0.1 at 2014-10-22 08:50:28 -0400
Processing by VisitorsController#index as HTML
  [1m[35mUser Load (0.6ms)[0m  SELECT  "users".* FROM "users"  WHERE "users"."id" = 2  ORDER BY "users"."id" ASC LIMIT 1
Redirected to http://0.0.0.0:3000/users
Completed 302 Found in 5ms (ActiveRecord: 0.6ms)


Started GET "/users" for 127.0.0.1 at 2014-10-22 08:50:28 -0400
Processing by UsersController#index as HTML
  [1m[36mUser Load (0.5ms)[0m  [1mSELECT  "users".* FROM "users"  WHERE "users"."id" = 2  ORDER BY "users"."id" ASC LIMIT 1[0m
  [1m[35mUser Load (0.6ms)[0m  SELECT "users".* FROM "users"
  Rendered users/_user.html.erb (3.7ms)
  Rendered users/_user.html.erb (0.9ms)
  Rendered users/index.html.erb within layouts/application (12.2ms)
  Rendered layouts/_navigation_links.html.erb (0.8ms)
  Rendered layouts/_navigation.html.erb (2.6ms)
  Rendered layouts/_messages.html.erb (0.3ms)
Completed 200 OK in 252ms (Views: 246.6ms | ActiveRecord: 1.1ms)


Started DELETE "/users/sign_out" for 127.0.0.1 at 2014-10-22 08:50:35 -0400
Processing by Devise::SessionsController#destroy as HTML
  Parameters: {"authenticity_token"=>"n5fLn9rBojpxM+5ozJq57p9EUYXyvm7U24SUNexgE2w="}
  [1m[36mUser Load (0.5ms)[0m  [1mSELECT  "users".* FROM "users"  WHERE "users"."id" = 2  ORDER BY "users"."id" ASC LIMIT 1[0m
  [1m[35m (0.2ms)[0m  begin transaction
  [1m[36m (0.1ms)[0m  [1mcommit transaction[0m
Redirected to http://0.0.0.0:3000/
Completed 302 Found in 115ms (ActiveRecord: 0.8ms)


Started GET "/" for 127.0.0.1 at 2014-10-22 08:50:35 -0400
Processing by VisitorsController#index as HTML
  Rendered application/_login.html.erb (2.2ms)
  Rendered visitors/index.html.erb within layouts/application (4.7ms)
  Rendered layouts/_navigation_links.html.erb (0.7ms)
  Rendered layouts/_navigation.html.erb (2.5ms)
  Rendered layouts/_messages.html.erb (0.3ms)
Completed 200 OK in 235ms (Views: 232.7ms | ActiveRecord: 0.0ms)


Started POST "/users/sign_in" for 127.0.0.1 at 2014-10-22 08:50:49 -0400
Processing by Devise::SessionsController#create as HTML
  Parameters: {"utf8"=>"✓", "authenticity_token"=>"B88pei2EMvRlIWw0B46kmeCq5f6RdtptbNHvXhWS5O8=", "user"=>{"email"=>"sunitha_frens@yahoo.com", "password"=>"[FILTERED]"}, "commit"=>"Sign in"}
  [1m[35mUser Load (0.5ms)[0m  SELECT  "users".* FROM "users"  WHERE "users"."email" = 'sunitha_frens@yahoo.com'  ORDER BY "users"."id" ASC LIMIT 1
Completed 401 Unauthorized in 9ms
Processing by Devise::SessionsController#new as HTML
  Parameters: {"utf8"=>"✓", "authenticity_token"=>"B88pei2EMvRlIWw0B46kmeCq5f6RdtptbNHvXhWS5O8=", "user"=>{"email"=>"sunitha_frens@yahoo.com", "password"=>"[FILTERED]"}, "commit"=>"Sign in"}
  Rendered devise/sessions/new.html.erb within layouts/application (113.4ms)
  Rendered layouts/_navigation_links.html.erb (0.7ms)
  Rendered layouts/_navigation.html.erb (2.6ms)
  Rendered layouts/_messages.html.erb (0.3ms)
Completed 200 OK in 453ms (Views: 346.5ms | ActiveRecord: 0.0ms)
